2024-08-22 12:33:48 INFO begin to test feature1-scenario1
2024-08-22 12:33:48 INFO begin to test feature1-scenario2
2024-08-22 12:33:48 INFO begin to test feature1-scenario3
2024-08-22 12:33:48 INFO begin to test feature2-scenario1
2024-08-22 12:33:48 INFO begin to test feature2-scenario2
2024-08-22 12:33:48 INFO begin to test feature2-scenario3
2024-08-22 12:33:48 DEBUG Requesting GET https://httpbin.org/get
2024-08-22 12:33:48 DEBUG Starting new HTTPS connection (1): httpbin.org:443
2024-08-22 12:33:49 DEBUG https://httpbin.org:443 "GET /get?a=1&b=2 HTTP/11" 200 348
2024-08-22 12:33:49 DEBUG Response: {
  "args": {
    "a": "1", 
    "b": "2"
  }, 
  "headers": {
    "Accept": "*/*", 
    "Accept-Encoding": "gzip, deflate", 
    "Host": "httpbin.org", 
    "User-Agent": "python-requests/2.32.3", 
    "X-Amzn-Trace-Id": "Root=1-66c6bfad-6526d85a3f5af3dd6508767f"
  }, 
  "origin": "117.186.213.150", 
  "url": "https://httpbin.org/get?a=1&b=2"
}

